s:whitelistcache:string
DMP_TZYD_READ_AMOUNT#1646
dsp:mobile:friends:15265080972
dsp:mobile:friends:18980585388
dsp:mobile:friends:13896009279
aaec37f66f9a4d77b2966b52f446fac6_0004
affe716dfd5649a98f07f376336527a7_0005
dsp:mobile:friends:13392579756
phone_white_15010546042
daaecc3b65de4d018000c51d9889eda3_0002
phone_white_13426056145
phone_white_15810811393
d6490d9538d74aeb96caaa1383913100_allRetry
phone_white_13161902702
c6abce59eb484c03871c6ec17c20f910_0010
ebbf97851f054f93b4d2203d6a8e16a8_allRetry
dsp:mobile:friends:13417296835
dsp:mobile:friends:15287765341
ff50d5563f7f43a6b653ed18f9e6fee8_0003
phone_white_13525557161
phone_white_15381042251
dsp:mobile:friends:15207342223
dsp:mobile:friends:13782716193
d19b448ec45f4654865426103b4f1dc7_0004
c7973334c6c4475bb2c9e53a9e1bd79b_0002
dmp_cache_1138
ed21255d95d1430eadb61f8f560674f5_allRetry
phone_white_18690287073
dsp:mobile:friends:18071710767
emaslhq0001/batch_720
dsp:mobile:info:detail:13699373721
DMP_TZYD_READ_AMOUNT#1635
dsp:mobile:info:detail:18279723959
DMP_TZYD_READ_AMOUNT#1384
phone_white_18500615876
e2b4aabc6f474821bcc746bf0a7c6c85_allRetry
dsp:mobile:friends:13701112560
phone_white_13161797637
bcb8ab772a85418da3086e8b7478941d_0004
phone_white_13077393466
f9ed9453fedf464195c374bcef71e67f_0004
fd63e4578bc74a9b93584e5232b7dc38_allRetry
b4539bb0900749b0a841629bd3de29f5_0002
b2c8c0cc84664532ba2c3de641a6ce35_allRetry
phone_white_15910646004
dsp:mobile:friends:13974328676
dsp:mobile:friends:18889183486
dsp:mobile:friends:15739399997
dsp:mobile:friends:13502140645
dmp_cache_d91d1b4d82419de8a614abce9cc0e6d4
da3e1e0a58e04441804d38d40c33314a_0004
phone_white_18600274458
dsp:mobile:friends:18980725285
DMP_TZYD_READ_AMOUNT#1712
d162242106324da58d43350cab0a25a6_0004
phone_white_13466624995
dsp:day:mobile:num:15942747418
dsp:mobile:friends:15076583110
dsp:mobile:friends:13156914531
dsp:mobile:friends:14789511347
b51b6032b9ac4b45a7819cfe0bf70715_0004
dsp:mobile:friends:18695866661
b6f732fcfdf94c6e9b751374a147941d_0004
DMP_TZYD_READ_AMOUNT#1513
dc6e87a150ac4464831a38a337eb588f_allRetry
dsp:mobile:friends:15107260239
ef1a3a71e665447d91ef374426b23085_0002
a391c11570a8485f87bb4c50726705e0_0004
a1e115b5b03b4b14b618c0a0d021dbcf_0002
dsp:mobile:friends:15103796721
fae5bde6618d432b805e6a9690adb4b2_0002
c08eda4a90a740fda208ea5bf14e4d70_0002
emaslhq0001/batch_600
phone_white_18611579190
a50398620943465089622a1de34a0e9f_allRetry
e642dd80c93f4721b11124b66df1c189_0002
phone_white_13862154920
ad8beda1e6604cf5993e4a1f8f1cf6b6_0002
fed3789a0f654159a860b2521ef052db_0005
dsp:mobile:friends:18283082237
dsp:mobile:friends:18603467998
b154a9fbb58c414b922153b5ecda7288_0002
phone_white_18181771028
cf58d73e94844da1a214c0258bc0cb13_0004
dsp:mobile:friends:13112411117
dmp_cache_8b4066554730ddfaa0266346bdc1b202
c7359eafbf2745fe81f5c2dc164a989f_allRetry
phone_white_15201615235
DMP_TZYD_READ_AMOUNT#1374
b352e11d63114c58b12735011e6c88b6_allRetry
DMP_TZYD_READ_AMOUNT#1233
dsp:mobile:friends:18649170701
dsp:mobile:friends:18076160989
ba80c39f8a7042d7bb9c6f3142eb61a5_0004
DMP_TZYD_READ_AMOUNT#1613
dsp:mobile:friends:15202832750
b5f30fa3bbc14e00bc673eb943b01685_0004
cc56426775334bb2a45d22be3c67d788_allRetry
dsp:mobile:token:key:18244971580
dsp:mobile:info:detail:17802573421
phone_white_15010028557
accba203aaa44eddbf3fd3f160547feb_allRetry
a92aa1f51bb045d5b53b4f2cb2190bf6_0004
phone_white_18701233080
phone_white_13681487657
DMP_TZYD_READ_AMOUNT#1166
a801b71f0ffe416493149fe8ac59a1da_0005
DMP_TZYD_READ_AMOUNT#1128
e50449fae89b4cfaaa1509727418d680_0002
d2e231c061464026ba2b8c143335d682_0005
phone_white_18510025687
c4e5c519368f4d53871eaa8258f08cbd_0010
dsp:day:mobile:num:15674359021
dsp:mobile:friends:13599542656
phone_white_15971538414
e605ab74215e4e8c8f325f88779e66da_0004
phone_white_15765233330
phone_white_15801185287
dsp:mobile:friends:13968736198
ae11716fb54b4c75b71963623e39e7d9_0002
dsp:mobile:friends:15659699399
c0949acd5d29411f9eaa768f42c298e8_0004
DMP_TZYD_READ_AMOUNT#1773
c6c0a70a866a4e709a3f7cfe211725a3_0005
a6ec82ad81024a11881b720d9e6fe340_allRetry
e3c75d91be795cffa1a0ceae847b2f42
dsp:mobile:friends:18320064272
b337eccc16b144c6b533140961a425a1_allRetry
bb3c7c438e8b41a3a5f9e06cd29af50f_allRetry
dsp:mobile:friends:15375212201
e18af4903de5403897c94f01d38f5e50_0003
phone_white_13718823089
DMP_TZYD_READ_AMOUNT#1462
d1efaad3606744aba395119e7a35b2fc_allRetry
dsp:day:mobile:num:18719861334
phone_white_13901287365
dsp:mobile:friends:15858431151
c84b390523f349c1b5f74109861f0d06_0010
dsp:day:mobile:num:15817333027
dsp:mobile:friends:18280741189
a2b29d8e22b34eff87c0a159ab43abb8_0002
DMP_TZYD_READ_AMOUNT#1379
DMP_TZYD_READ_AMOUNT#1133
dsp:mobile:friends:15063549132
DMP_TZYD_READ_AMOUNT#1125
b32c322e157749e1926c87bd504d93d6_0004
dsp:mobile:friends:13002847175
dsp:mobile:friends:15735979853
f4e254f759374b2a877fba726fe2062a_0004
c0c9c61488054da092ec66e7f672d84a_0003
dsp:day:mobile:num:15067678835
dsp:mobile:friends:13428849105
dsp:day:mobile:num:18571658301
a4aba248289b4de1bf6e7005b09df25d_0004
dsp:mobile:friends:13285906016
emaslhq0001/batch_597
dsp:day:mobile:num:18228323233
ee1316c258bf45069c983bface5d7bdd_0004
d8af0bc560c94f8d996c181978f61894_allRetry
dsp:mobile:friends:13309268145
dsp:mobile:friends:18349804070
be622257576e4bb1bacc5b20b6a2d5cc_0004
ae410b443c4646cd93566206aa315c76_0004
dsp:mobile:friends:15378792521
cf9a4977aee241bca651b7cb1aa6f33a_0010
d0b54bab73c347fb803b449f9f551f56_0004
dsp:mobile:info:detail:13404417000
DMP_TZYD_READ_AMOUNT#1321
dsp:day:mobile:num:13808111071
dsp:mobile:friends:13771498163
dsp:mobile:friends:15896432362
phone_white_13501276857
FFB5EB686DC07AE09460DC155C66BBF1-0
dsp:day:mobile:num:18851240799
dsp:mobile:friends:13159723962
dsp:mobile:info:detail:13732453445
phone_white_18515220229
DMP_TZYD_READ_AMOUNT#1637
bca1ed5b44aa48cc81937674ac07301b_0004
a0ccb542202d40dcb2852f2e97a0582d_0004
phone_white_13867126596
dsp:mobile:friends:13990324845
phone_white_18701574069
fd67b4970625441daea1359b15b12e5d_0004
phone_white_15810417606
dsp:day:mobile:num:13320766980
a4ef0341a960420fb47cb4b807ae2b2f_0002
dsp:mobile:friends:18225615220
dsp:mobile:friends:15134034311
f39bbb4dc9a246ea8a4fee7943ecfaa3_0004
dsp:mobile:info:detail:15273927356
phone_white_13126811709
e6457171331845eaa73c2a9d60efc21c_0004
fe52894c70be46b18658c6389d289a91_0002
dsp:day:mobile:num:18567614185
a549227d44df414fbd259bb57f11d32b_allRetry
DMP_TZYD_READ_AMOUNT#1172
dsp:mobile:friends:18840499371
a946893b94b94573bbc6816a61f003b1_allRetry
DMP_TZYD_READ_AMOUNT#1679
ba0a5dbf1d6d43a394aca465b4ac19ef_0004
b8fccc2c2f90456ea4f67dc73250a960_0004
DB039EE0468C437A9C36BD80BC5FB897-3
dsp:mobile:friends:18329659190
a4a8c318dc8b4aa7ad2a08211cfdf175_0004
bc30e039290c4d6ea7e5d63dea326bc8_0002
DMP_TZYD_READ_AMOUNT#1831
emaslhq0001/batch_697
e7bcc9b68eef4d5baa7ef3f9ad7d9b72_0005
dsp:mobile:friends:18871476367
fe9646573ed2487b88cf3732aa8b1261_0004
e0d2c05ff88a47cdacdf810a21c98e64_0004
dsp:mobile:friends:18018424444
phone_white_13999858603
DMP_TZYD_READ_AMOUNT#1440
ad93f09314e34e7bbfe176191cfe274a_0004
dsp:mobile:friends:15923513365
dsp:day:mobile:num:13700403583
d96d50339d7e46f68b9efd0759f27756_0004
DMP_TZYD_READ_AMOUNT#1701
DMP_TZYD_READ_AMOUNT#1822
b5ba92652b544dbda0d9e61e61d42381_0004
e43f2868725f448ba03878ce3543d874_0010
dsp:mobile:friends:13459643022
ac82afa689804ce39d0a84c712156206_0002
a3d3a6495aef4273ae07e33896c27376_0005
b61a90d45f5946b98792669c0aee2161_0004
dsp:mobile:friends:15870686207
DMP_TZYD_READ_AMOUNT#1243
cc4e5aa82e1e4aecb67040ff989eb3cd_0004
d4f6d6c4cb93445ab731e817f65b2fa8_allRetry
phone_white_13194993291
c321793d606c492a96caa5e80627967b_0003
dsp:mobile:friends:18855551978
c598e13d07b94e09a87ab2b1e85b65e4_0004
b237508da7674f2280515dd86841485c_allRetry
f2009ac059e84631afa4d2e08e8e4c87_0004
dsp:mobile:friends:18460329677
dsp:mobile:friends:13861202441
dsp:mobile:friends:18708243236
phone_white_13381089086
f07c4d0baaf340328169e390145f96f7_allRetry
dsp:mobile:info:detail:17705094400
a2ba0f6dcc3c4706bef13f14fbb78396_0002
DMP_TZYD_READ_AMOUNT#1826
bf87fcd543f54f3aac98af1eb5dee199_0005
bcd1be3050e648c887100047975a207e_0004
DMP_TZYD_READ_AMOUNT#1650
b3cc86cab58b481cb99f62bc418f2903_0005
e0f9b76c5ce04d23b214672bfe0d030e_0004
phone_white_13581629467
dsp:mobile:friends:13559204859
dsp:mobile:friends:18664902640
b671d9203cf84b7b94033c38a30e455e_0005
c5336a9c16054de09a219aacc5ddefd9_0004
dsp:mobile:friends:15971576333
dsp:mobile:friends:15995402011
dsp:day:mobile:num:13999546459
dsp:day:mobile:num:18937319080
DMP_TZYD_READ_AMOUNT#1425
phone_white_13910993054
emaslhq0001/batch_634
phone_white_18911809136
dsp:day:mobile:num:13667240333
dsp:mobile:friends:18367797124
dsp:mobile:friends:13975739968
dsp:day:mobile:num:13668570297
dsp:mobile:friends:18813137714
dsp:day:mobile:num:15687927562
dsp:day:mobile:num:13272075100
dsp:day:mobile:num:18278118336
dsp:mobile:friends:18835795742
phone_white_18211191229
e9fc22e2325b451b91b68b0bb94f87af_0002
a0e27d15a26246bcac502ed463510956_0004
dsp:day:mobile:num:15259809159
DMP_TZYD_READ_AMOUNT#1184
DMP_TZYD_READ_AMOUNT#1196
dsp:mobile:friends:18840859759
dsp:mobile:friends:15012720675
dsp:mobile:info:detail:15999796156
dsp:mobile:friends:15058943589
phone_white_18043047776
phone_white_13426435021
dsp:mobile:friends:18439743577
dsp:mobile:friends:15349266619
c88acbe5f7884d1bb7d54a8865521d86_allRetry
cf5a9f55515e40e785b9b9b3e610e9ed_allRetry
DMP_TZYD_READ_AMOUNT#1266
phone_white_15210101803
dsp:mobile:info:detail:18294994546
a81f45503acc4962a212978c3f810c00_allRetry
dsp:mobile:friends:15819854051
d042efeeeebf41078c79465d8dfe517b_0005
fbdbdfd1e3e9456198c42730ca71bfd4_0002
a60151b6f7ab480498b4675512e86ea9_0002
phone_white_13051613667
fb098072d48d47ffba01fa9e2e23c856_0004
dsp:mobile:friends:13379888778
d32bc36cc4fc4c7b95a4cfeb37416b96_0005
dmp_cache_1174
b39d83e97b6b407eae61e933ee4fa9bc_allRetry
phone_white_13605603129
dsp:mobile:friends:15835427237
emaslhq0001/batch_575
dsp:mobile:friends:13545457822
phone_white_13681278822
c0ad0c1e2af58d2bdc772aaf705a886c
dsp:day:mobile:num:18587905396
dsp:mobile:friends:18316228866
DMP_TZYD_READ_AMOUNT#1608
dsp:mobile:friends:15908115391
DMP_TZYD_READ_AMOUNT#1220
cbf7efe84d9642e08c778a22f9dac837_0004
cf7e07109d7adf7675d50fc4dbaa1238
d22381dd61504d04a843c5398598d612_0002
dsp:mobile:friends:18707120798
ce9c591b981346919ff3e975a09e5c51_0004
DMP_TZYD_READ_AMOUNT#1766
be06f8e533cc4150a19958f1e1ae0bec_0004
dsp:mobile:info:detail:18014681898
phone_white_13811546618
abacd7025a494e3597b2f0f8679e5baa_allRetry
phone_white_18601021674
f3d673fb76244bbe84a017700b613103_0003
phone_white_17731672656
dmp_cache_1111
ACB628D77D4B97F72EA6067702E746A7-0
dsp:day:mobile:num:18574696131
DMP_TZYD_READ_AMOUNT#1681
dsp:mobile:friends:13363379387
c2de03097b9e44f58e9189847dc8f929_0004
phone_white_18611178353
dsp:mobile:friends:13379174444
b7df717a78f04a3d9ad6dd19ebb872f6_0004
c70842cbe71942c3b6baf77b895c09b3_0002
dsp:mobile:friends:18819351894
dsp:mobile:friends:18508266789
dsp:mobile:friends:13594209430
ae6f9b92758b4b1b89b95da5dac852ff_0004
dsp:mobile:friends:15112792708
phone_white_15129822477
dsp:mobile:friends:18374408167
dsp:mobile:friends:13199447920
dsp:day:mobile:num:18823309227
dsp:mobile:friends:18825038716
phone_white_13911444537
phone_white_13810757116
dsp:mobile:friends:18731183186
dmp_cache_4da04049a062f5adfe81b67dd755cecc
ad8470aa68c243b091955ec859c43447_0002
dsp:mobile:friends:18662527223
dsp:mobile:friends:18370238586
f5b15624cd0442aeacc2890c1e8a09ff_0003
phone_white_18611184528
ef1d0e76d271488fb7b2a2d58c702146_0010
cae08633265a4043a317a9cdc551bdf7_0002
dsp:mobile:friends:13622785242
phone_white_13810880793
dsp:mobile:friends:13517827006
dsp:mobile:friends:15276555527
dsp:mobile:friends:15257151422
ff7ed7ea69384d63973e14ead258e9f2_0004
dsp:mobile:friends:15340508839
phone_white_18631195265
DMP_TZYD_READ_AMOUNT#1417
e819b84a6a8d4335a001f07812fbcd4b_0010
dsp:mobile:friends:13896989872
dsp:channel:short:url:a32
emaslhq0001/batch_625
bf336055c30f4ee881666844b3c41286_0005
phone_white_15810538383
dsp:mobile:friends:18060842479
d36af2a7826742a5a017392f0905ad86_0002
phone_white_13520095548
phone_white_15811390768
aebcae51393b4a6190c603bff5c6faf9_allRetry
AC19671B6A659AC41FAB45C07BF4E803-1
phone_white_13466716673
C3DFA10D490C113B70DF583458D231E0-0
phone_white_18911168209
dsp:day:mobile:num:17875825880
eee15d29647c456ebc4426cbdf2bee8c_0004
dsp:mobile:friends:18323693772
dsp:mobile:friends:18672997475
DMP_TZYD_READ_AMOUNT#1671
c3197adf8a45458eb872778d1f77655f_allRetry
phone_white_18511878776
AD135EE6B3206A6B84EDCCED86CA831A-7
dsp:mobile:friends:13639714729
f706e54970bb4498bb8cbdf708dccbef_0004
BD5F59A14148A4596CF140F2E5D3CDCB-0
d7c4e7c91d255bac758eb0e49000e62c
DMP_TZYD_READ_AMOUNT#1561
dsp:mobile:friends:18005621982
phone_white_13810359676
baf992ede3ed4fdcbd440a00a5986b91_0004
phone_white_13501151011
phone_white_18609008660
dmp_cache_b59c67bf196a4758191e42f76670ceba
dsp:mobile:friends:13921274727
dsp:mobile:friends:13684969579
dsp:mobile:friends:15047905731
a421980a27dd400791b26896c6de3f30_0004
bfc52302a6344784a1523247a9fe7a81_0005
DMP_TZYD_READ_AMOUNT#1151
dsp:mobile:friends:17705094400
dsp:mobile:friends:13904403367
dsp:mobile:friends:14787511664
phone_white_18656482096
DMP_TZYD_READ_AMOUNT#1480
d8c42b4eee3149fbbdfcfec5be26b610_0005
dsp:mobile:friends:13862242252
dsp:mobile:friends:15759010613
dfa302eae85e45089198e3fb44060c74_0005
b760971198bd415881111dc0c664061e_0002
dsp:mobile:friends:18385601902
f0581c2c66d446fcb935373aa54f18e7_allRetry
phone_white_15682877339
phone_white_13811337094
dsp:mobile:friends:15917448059
dsp:mobile:friends:15887818374
d5b95990cf6b4c7fb478eb8a231fd7ed_allRetry
dsp:mobile:friends:13628486141
phone_white_18258125375
emaslhq0001/batch_674
dsp:day:mobile:num:15506654206
dsp:mobile:friends:15536594393
dsp:day:mobile:num:15639838933
dsp:mobile:info:detail:13807482142
b4baf1ba870f47a29ccd31bad9be026d_0010
dsp:mobile:friends:18782390410
DMP_TZYD_READ_AMOUNT#1652
f9ac5c6bfbab4d7381892778dc4bcf3a_0005
dmp_cache_1030
filter_dictionary_version
f5955f5a47424920afe78b9a107b634e_0005
dsp:mobile:friends:15566818799
c6f2d78861a04f269a36b6c934b9d63a_0004
dsp:mobile:info:detail:13976797151
phone_white_18611315343
f81e3a99a44c449a88821fe28f15ea71_0005
dsp:day:mobile:num:18033585869
dsp:mobile:friends:15609926886
e3506e114f3142468ad3bd3c1c2a65ff_0002
dsp:day:mobile:num:17605534684
dsp:mobile:friends:15952900110
dsp:mobile:friends:18447301213
DMP_TZYD_READ_AMOUNT#1296
dsp:day:mobile:num:15207149224
DMP_TZYD_READ_AMOUNT#1182
phone_white_15201649028
dsp:mobile:friends:13870983100
DMP_TZYD_READ_AMOUNT#1285
phone_white_13811179569
f9f949665a7e403b87c96af3c9fce662_0004
be59a1f9c7374954b7cb344fec85e581_0004
phone_white_15210755046
phone_white_18010192579
phone_white_15134995871
bf6773a8cca24beeb8e4ff88901af1de_0004
dsp:mobile:friends:13997742877
dsp:mobile:friends:13354740258
dsp:mobile:friends:13885796994
b34908bd6c764246819dca63149c91d5_0004
dsp:mobile:friends:13642338040
DMP_TZYD_READ_AMOUNT#1778
dsp:mobile:friends:18858962898
dsp:mobile:friends:18344409332
a51f1d12ad4f4715bcbb8f12aaaea09e_0005
bdb2b9880f7846b1939929a76cf5b873_0002
aadf52df0539486d85a921337f0c6795_allRetry
emaslhq0001/batch_615
DMP_TZYD_READ_AMOUNT#1497
B49F19A50E36C70AF9FF1131BE74FDFF-11
dsp:mobile:friends:15951358237
DMP_TZYD_READ_AMOUNT#1158
a51178bc072246ddb2f9d9fe07bdf39e_0002
fc27a791cc794e778192b229aae6a1bf_allRetry
phone_white_13439072204
emascbb/SendHistoryThreadTask_respMap
emaslhq0001/batch_675
dcc49b589f0243d488926f404830dc04_allRetry
phone_white_13290330363
DMP_TZYD_READ_AMOUNT#1476
dsp:mobile:friends:13982144984
phone_white_18601381983
DMP_TZYD_READ_AMOUNT#1437
phone_white_13535358149
caed8d7778694100b3b5282efa8d6f74_0004
fd47353dcb634d35a7e3df6f5d1d6248_allRetry
dsp:mobile:friends:18667231320
DMP_TZYD_READ_AMOUNT#1304
dsp:mobile:friends:13636666163
d11797713df0406f9c3f3a36629ed3cd_allRetry
dsp:mobile:friends:13794703078
dsp:mobile:friends:15035569797
dsp:day:mobile:num:18756431752
emaslhq0001/batch_696
aec89f10a1fb4e0c9503014b49669376_0002
dsp:mobile:friends:15656578806
cceeed28776342468298fe1b054ab46f_allRetry
DMP_TZYD_READ_AMOUNT#1160
f75dc5980678408caee7d0eb9d1c4524_0010
phone_white_13811977299
a0ce0e7080db4f35b630af52de328dac_0002
dsp:mobile:friends:13974885112
dsp:mobile:friends:18680545701
f0e11a94f49e4268b3c3625bb14beb66_0004
dsp:day:mobile:num:13539510045
DMP_TZYD_READ_AMOUNT#1404
dsp:mobile:friends:15557514795
dsp:mobile:friends:13111067444
bb69cc5c1543404e93aa141ca4ec3a50_0005
dsp:day:mobile:num:13638090836
da0b868302f6964ebb0d0067556697d8
f56961af82a24f979f37ff02e8c38300_0004
phone_white_18401481558
dsp:mobile:friends:18763776891
dsp:mobile:friends:13059111456
e6be97a381d940868e5b110a5d10bda8_0004
phone_white_13426171972
phone_white_18611539975
d3b4f81acf02475eb5e8c8ab1308d743_0002
c23a93bf3cd44724a33fd2b16a0a6561_allRetry
phone_white_15210950822
dsp:mobile:friends:13667886831
dsp:day:mobile:num:18608642585
dce86b35c79f40cbb15cd986558f62be_0002
s:cfp:data:125
abd7378d033b4d4aa7b695c5117c2ddf_0004
DMP_TZYD_READ_AMOUNT#1543
dsp:mobile:friends:15277139817
dsp:mobile:friends:13717063159
dsp:mobile:friends:15232956396
e75d5f5ea4cd4916b6cdd56e70d86995_0004
dsp:day:mobile:num:18379266297
dsp:day:mobile:num:18639937811
DMP_TZYD_READ_AMOUNT#1739
dsp:mobile:friends:18633518302
dsp:mobile:friends:13111250911
phone_white_13581546860
dsp:mobile:friends:18651266789
phone_white_18710112247
DMP_TZYD_READ_AMOUNT#1697
dsp:mobile:friends:13469275118
d5eb117399764e13b2da433eae84c222_allRetry
dsp:mobile:friends:15172631517
emaslhq0001/resetchannelquota_2016-01-01
phone_white_18201107797
dsp:day:mobile:num:15173333607
f2b8e255722d483abe207abef89e0f8e_0004
DMP_TZYD_READ_AMOUNT#1807
dsp:mobile:friends:15675863779
dsp:day:mobile:num:13611240371
dsp:mobile:friends:13541056066
fd583430b19e91beadcd46f701ebfb47
c375f90d1150405ea9f7819aa6c88f4e_allRetry
d90aec7c739d4f73125de181044eb7b4
dsp:mobile:friends:13647189202
f1c994967a054c5d8c0c8c47726cd187_0004
phone_white_13671276620
DMP_TZYD_READ_AMOUNT#1598
phone_white_18511302597
b6cb4704e979497faf512974e766982f_0004
DMP_TZYD_READ_AMOUNT#1658
DMP_TZYD_READ_AMOUNT#1317
dsp:mobile:friends:13533178137
dsp:mobile:friends:18672826677
DMP_TZYD_READ_AMOUNT#1565
dfd807761717454680b1238a9ccd876c_0004
emaslhq0001/batch_680
dsp:mobile:friends:13227909793
phone_white_15801340385
a4b40961b1aa4e77875724df231dac2b_0004
s:whitelist:set:8
ee0ff09d60f5483fb132cd6256aa4b15_0005
dsp:mobile:info:detail:13348314353
dsp:mobile:friends:13732282874
dsp:mobile:friends:15801721348
c575f67357644161b9c1b993e689be84_0002
dsp:mobile:friends:15160018904
c7775d679652417e83fc255579d33fd8_0002
dsp:mobile:friends:18772336083
DMP_TZYD_READ_AMOUNT#1781
dffe2063bc714687b8d5859ff30b8e41_allRetry
dsp:mobile:friends:15935288616
dsp:day:mobile:num:15234272398
dsp:mobile:friends:15049669823
phone_white_18180677789
DMP_TZYD_READ_AMOUNT#1377
dsp:mobile:friends:15859048600
dsp:mobile:friends:15842255664
d862498a0a574871838a85a4e11f0c43_0002
dsp:mobile:friends:15088489195
dsp:mobile:friends:15516027060
dsp:mobile:friends:13926684396
f7f38f953b344ab3bf1543948d6f3fa4_0004
b30c2c610e3a473bae07fcf4bee1186a_0004
DMP_TZYD_READ_AMOUNT#1678
dsp:mobile:friends:18815077006
d2696e8ba91d453b93a44d916c8707a0_0005
dsp:day:mobile:num:15575458193
DMP_TZYD_READ_AMOUNT#1395
dmp_cache_1072
eca28fc50234428bb61623f8c216ba32_0002
dsp:mobile:friends:13657086301
dmp_cache_1e40fd93bf4bb288e915a6cc85d6503d
bdf92ecdcdc94f87b5d4116f876a23af_0004
e56291e338c24603807504d417f88699_0004
ff366ecba7574e488c3a7a5070fc3bad_0004
dsp:mobile:friends:18317019853
cd95389640eb48d3b5d4e85c0f753232_0004
phone_white_18600399002
phone_white_15731674738
c393a9103c2c44d99b746e0b4db65a45_0003
phone_white_18201067210
ad09d9201d0a4ea38a1afaf38c7abb4a_0004
b692108007ef4f7dbdaafdaf71f3b571_0005
dsp:day:mobile:num:18870383877
dsp:mobile:friends:17635649455
e8f1f7045c4d4bda8225bb1f8752487c_allRetry
ee5c14f38c70479285a18e372d7ab67b_allRetry
emaslhq0001/batch_591
phone_white_13910797549
identification
dsp:day:mobile:num:13599542656
phone_white_15957171460
dsp:mobile:friends:13778464542
phone_white_15313939350
dsp:mobile:friends:13540737305
DMP_TZYD_READ_AMOUNT#1523
dsp:mobile:friends:15108547398
dsp:mobile:friends:15822133181
phone_white_18600026256
dsp:mobile:friends:13868700025
phone_white_13426362923
dsp:mobile:friends:13504981814
d491a29ae01d47909e39ee7d11ac479f_0010
phone_white_13718635133
emaslhq0001/batch_603
DMP_TZYD_READ_AMOUNT#1809
f85467d0afd34b069b42a58fa8575c3d_0002
d9f881a673944b5abb279aef1b2c9b80_allRetry
s:cfp:data:107
DMP_TZYD_READ_AMOUNT#1193
DMP_TZYD_READ_AMOUNT#1750
s:cfp:data:133
bcadae7b2f7044fd8dae06c22ebe1b34_0005
phone_white_15510209863
Quene:QuickSms
phone_white_18674066820
c0cdf93bc853429a893bf24c101c924c_0002
d728c384b0ae44fc867e85feb1d656d4_0004
dsp:mobile:friends:18580563660
dsp:mobile:friends:15817333027
phone_white_13529031368
dsp:mobile:friends:13704111211
emaslhq0001/batch_691
DMP_TZYD_READ_AMOUNT#1312
phone_white_18513069802
phone_white_18210820211
dsp:mobile:friends:18378736803
phone_white_13661322466
dsp:mobile:friends:15774556713
phone_white_13910215100
f9b34b73adb54cd48c4b7273f49110be_0002
f94e3e0804864fc6bfeff4191126567a_allRetry
e7b00c583fd44e9e8d32684411cb4635_0004
DMP_TZYD_READ_AMOUNT#1199
DMP_TZYD_READ_AMOUNT#1169
a4641b3a6a584f4d984e241aaf036a1b_0004
dsp:mobile:friends:18073843636
DMP_TZYD_READ_AMOUNT#1210
dsp:mobile:friends:13599976560
dsp:mobile:friends:13924181233
d5e2db7ae1d548d8a6581f98f84c96d9_0004
f887da23d800dcf48e1e84e4fccc1f03
a05a9cfe86d0d68d4494e3e8a236e38e
dsp:mobile:friends:18186513011
dsp:day:mobile:num:17828175112
dsp:mobile:friends:13708230357
dd07653beb9e403d966dcca4b8863a26_0004
dsp:mobile:friends:13418817600
a46860b3a75744cbba340b1cc8ad0a20_0005
ddf8a9011efd402c99afe634353cad3d_0004
e29808e350f6476686b19572afcd20c8_0005
dsp:day:mobile:num:15281197910
DMP_TZYD_READ_AMOUNT#1649
dsp:mobile:friends:13566416242
c86967f228a84a6db6eb5d71e0445659_0004
DMP_TZYD_READ_AMOUNT#1812
dsp:mobile:friends:18702925775
cfe896a6d26f41c3bc31f503de1478de_0004
dsp:day:mobile:num:15210628010
af18b3100343435ca28de28e264682cc_0004
dsp:day:mobile:num:13365269503
dmp_cache_2cbca44843a864533ec05b321ae1f9d1
a9c3fd856dc44a82b0bfb896104c97e4_0004
DMP_TZYD_READ_AMOUNT#1258
DMP_TZYD_READ_AMOUNT#1645
dsp:mobile:friends:18062142030
dsp:mobile:friends:15881490144
f9b9a77e02fc4f9c906a61eff1c1e400_0004
dsp:mobile:friends:15996811444
a0eaba8fe9e046449aedcf95f55c3386_0004
bb8f46b5b1b9438782ce470d378a8dbf_allRetry
efc52bef8f834b2596fd9be257309053_0005
phone_white_15933662667
ce8d9e4ad3624f598e7efe9bf0cf4df2_0004
phone_white_15934047389
DMP_TZYD_READ_AMOUNT#1415
dsp:mobile:friends:13888554144
dsp:mobile:friends:13855836183
dsp:mobile:friends:18187626451
dsp:day:mobile:num:18071632039
dsp:day:mobile:num:15192090960
fed6d19139e04dc79c4f9f9fe4cd1d04_0010
DMP_TZYD_READ_AMOUNT#1341
dc3978d3ba4646889860d5c212291385_0004
dmp_cache_1079
dsp:mobile:info:detail:14787511664
ce4420679d8542a1b3fc267d42bab9dd_allRetry
e720375d2256478d93ce1a3ccc5ebc9a_0002
dsp:mobile:friends:13389921871
dsp:mobile:friends:15808014238
phone_white_18505815911
DMP_TZYD#INDEX_LIST_ENT
db27ccbd87be400da5f9d26e4403d96c_0002
dsp:day:mobile:num:18720181616
de822477615040a9a6e406bf24f69ea2_0002
dsp:mobile:friends:13762275867
c283b9bcff7840be86960e8b5aa21a10_0004
dsp:mobile:friends:13649214524
dsp:mobile:friends:18358316557
DMP_TZYD_READ_AMOUNT#1250
c86f716300be437c8b67d214e628fd37_0002
f3436a1c6baf486089a0bbc0fb19e168_0004
dsp:mobile:friends:13767063900
dsp:mobile:friends:17759779078
dsp:mobile:friends:18236091566
dsp:mobile:friends:18980493550
dsp:mobile:friends:15228924968
b9168d43aefe41c48b3a6f4c2344fd6d_0004
phone_white_18767122989
dsp:mobile:friends:15674359021
DMP_TZYD_READ_AMOUNT#1567
phone_white_15011277929
emaslhq0001/batch_663
dsp:day:mobile:num:13945836620
dsp:day:mobile:num:18074654711
dmp_cache_38ca89564b2259401518960f7a06f94b
e1e8ae9b50674734868a2ec074798234_0004
dsp:mobile:friends:13571816789
CC1EB31B3CBA2759DC089C88AE2F409A-1
dsp:day:mobile:num:14796408511
dsp:mobile:friends:18530211830
dsp:mobile:friends:15910133381
phone_white_13738605320
b8bfca7f7c12446d9e8a0477a8ad6c94_0002
b3bdbbdb855c4bfcacaa1dde392ea706_0002
dsp:day:mobile:num:13835870813
DMP_TZYD_READ_AMOUNT#1203
phone_white_13701319221
dsp:day:mobile:num:18737715534
dmp_cache_1099
DMP_TZYD_READ_AMOUNT#1765
a5707e9da099461b84fd98b179f74a47_0004
c143a62e083e4ad18ca18fc07c19f5d6_0005
dsp:mobile:friends:18358147919
a8bb3780fb78467ea68987afb43c36c6_allRetry
eeee763d135f46b9b52e5ec0c349695d_0004
acd97e18ab51499f9231035587ab0fcc_allRetry
dmp_cache_754dda4b1ba34c6fa89716b85d68532b
phone_white_13436386839
dsp:mobile:friends:18342149097
phone_white_13716022779
b16f751729d44f7ea0154d03359c43c1_0010
dsp:mobile:friends:13048818026
cdb7f26d5e694a5f804dd8659c501dbc_0004
be9369b5c9204607b04be5f215b29fe6_0005
b1611380df1a44d99fe86a178c4e51f4_0005
e3fbcf56193e4668bd2d1a8f1f22ca21_0002
dsp:mobile:friends:18566637473
dc7a8860963e442e831865a2d9b6e2a2_0004
dsp:mobile:friends:15580390518
d75df6d0c18d4fdcadf6716a2ea8a307_0004
fee6b0034965456e9556e0546e193b02_0003
DMP_TZYD_READ_AMOUNT#1539
fdd2e61321aa4c398e46e57c9894a7f9_0003
c79327b5ad3348719b44c1a46cd7a13c_0004
ffd100c0ea7b4e7197217b83a8009209_allRetry
phone_white_13810756729
DMP_TZYD_READ_AMOUNT#1508
d14240ce8af4420281caada28a5e6c26_0004
dsp:mobile:friends:13076638398
s:cfp:data:122
dsp:mobile:friends:13008873633
dsp:mobile:friends:15768284775
dsp:mobile:friends:15992014837
b38bff836dee4dc681a9da01c3a77660_0002
dsp:day:mobile:num:13810934315
dsp:day:mobile:num:18312441802
e148eb1e33ff4dff9778ce2a5295af01_0004
dsp:mobile:code:key:13234698983
e28fd896d95743409c6a135fe023f0af_0004
dsp:mobile:friends:18783639278
dsp:mobile:friends:15971080483
dsp:mobile:friends:18588843336
DMP_TZYD_READ_AMOUNT#1401
dsp:mobile:friends:18810491211
dsp:mobile:friends:17683753157
s:cfp:data:114
DMP_TZYD_READ_AMOUNT#1794
eb749265fcc74f89836af1b5ecb3b920_0002
phone_white_18510225523
eaeb60702b924ddc90bdf7430c6e42fd_0005
phone_white_13752325361
ccfb9f9ece0d464081c8454b322ce835_0004
c203c788d1884080910d7298541fb420_allRetry
ed7e5236a18843a88f744ed40223bc56_0002
phone_white_15313128339
bc9555368c83440f886ecb1879e39e60_0002
a95f11a54b0542e293b8a7a43da43f35_0005
dsp:mobile:friends:15987559351
phone_white_13146561634
dsp:mobile:friends:15334991919
d56316b222f74e598656b243d6c1c9eb_0004
phone_white_15311414792
ba89dc8c639c4f8d925c9038af7692e4_0002
dsp:mobile:friends:13600102219
dmp_cache_1036
phone_white_18801285070
bfbaafaec5f1403c973109b078150d87_0003
DMP_TZYD_READ_AMOUNT#1728
dsp:mobile:friends:15888277072
dsp:mobile:friends:13899208773
dsp:mobile:friends:18256588062
b48b4e703e1a4f4ea3fb372603a2c838_0005
ec9050d5a0d548759914330b1812c2cf_allRetry
dsp:mobile:friends:13217750009
phone_white_18625007799
phone_white_18611341146
DMP_TZYD_READ_AMOUNT#1774
dsp:mobile:friends:13999223773
caa4facd869c4cfb867d0e2aca1a3151_0004
dsp:mobile:friends:15296591213
A0D6B47000341F8EE0D643BBED58AF08-2
phone_white_18030525005
dsp:day:mobile:num:18767480202
dsp:mobile:friends:15066708821
phone_white_18780202524
dsp:mobile:friends:13560749565
DMP_TZYD_READ_AMOUNT#1754
d739cb9e452d46baa86e047c853ea6b5_0002
b3208757f02c430dae48df7b124673fe_0004
efc25ccb8eff4dfa99ce52c1a3d71ece_allRetry
bfb6d6a90b7b4442990a0f8f9b0c12d6_0004
dsp:mobile:friends:13905132898
dsp:mobile:friends:13777958446
a86a523d5f32480d87aca1f33221bc1d_allRetry
phone_white_13716974786
dsp:mobile:friends:13281366982
dsp:mobile:friends:18981150789
fe7060739ac644948a92d89c1ca8e8bf_0004
dsp:mobile:friends:15725715776
dsp:mobile:info:detail:18225615220
phone_white_13811479389
dsp:mobile:friends:18896359002
dsp:mobile:friends:15626327067
phone_white_18600491132
phone_white_15311449716
ab25b84f679c4d188d9cd3ca1b080e5f_0004
a703312121824cb89eeb8e8cab8c4cdd_0004
dsp:mobile:friends:18676787972
DMP_TZYD_READ_AMOUNT#1335
DMP_TZYD_READ_AMOUNT#1530
d824679127004184ad5220fe54757a6a_0004
e10096661dc544f48adbfa482d79d84f_0004
da0006bafcab46afa8f66749c9ef1a03_0005
f5de2dfdcea14b34b5c309bd9a36054b_0004
a71e0e0878a04c9a8a2b2b641d40ff85_0002
dsp:mobile:friends:15117706772
dsp:mobile:info:detail:18316228866
phone_white_18612033288
DMP_TZYD_READ_AMOUNT#1303
e4b05bb4ccfa4e02bd1e987b2f4b169a_0005
DMP_TZYD_READ_AMOUNT#1574
emaslhq0001/batch_598
dsp:day:mobile:num:18989524595
d5f06ba8a17f48e4beb253cdf05e1acb_0002
d7af5bfe32dc4ad69235537e396a6113_allRetry
b1bb4b35f3284958a0512ade54eac8a2_allRetry
DMP_TZYD_READ_AMOUNT#1170
dsp:day:mobile:num:13268852348
dea2c3f38be54c6898df36cab1759d07_0004
de55525bc30d4fc8bd489eb58e91f428_0004
DMP_TZYD_READ_AMOUNT#1528
d00dd09a60fe41bc8ff0cd0b5c7c1781_0002
b83c50db72bc46f4b60cb3b9aaa9fb14_0004
df38c227d96e433eb2c31eddba93eb86_0004
d08668e82b9c4a218c8d0bb7612c3c90_0004
dsp:mobile:info:detail:15759010613
dsp:day:mobile:num:13438587268
DMP_TZYD_READ_AMOUNT#1577
dsp:mobile:friends:13891696784
f590a04ec3664647a0f64995943c83f5_0002
dsp:mobile:friends:13713927785
c7c9e691771842d380970f15910f357f_0002
c850f18d10c74dec9e5a94c665f5fb83_0004
feeec2cda8b441b09d80b7116b4e7c41_0004
dsp:mobile:friends:13685762799
phone_white_15669003888
dsp:channel:short:url:a999
b589aa5c4c6e434bb0c101116196bf49_0004
c3347658b83c4b40818fd245aaa5b9a1_allRetry
phone_white_18910572663
baeae7cc8f5140ffa2d0cfa35ceaa0c3_0002
dsp:mobile:friends:13768195878
DMP_TZYD_READ_AMOUNT#1357
dsp:mobile:friends:13849356999
fcdb840a8c344e978e8c09a63f7800d8_0004
dsp:mobile:friends:18275563285
c4d5b72fb8b94b2ba395fcea7240f753_0002
fbba92b7ee804818a913630eb4b03f01_allRetry
DMP_TZYD_READ_AMOUNT#1808
dsp:mobile:friends:18328302935
phone_white_13911457416
bac6e026bd9948bea59ca1a2025a0f6e_allRetry
ee6d09ef185547cd98eb5a87115b368d_0004
f88056e56f4f49dcb5c2a6ed3dd7064d_allRetry
DMP_TZYD_READ_AMOUNT#1154
phone_white_15503593158
dsp:mobile:friends:18010195292
dsp:mobile:friends:13359294506
f5114a3d2d2e481f86476064adf8be43_0004
a092ffcf69804bed95384c4af64c1ef3_0010
dsp:mobile:friends:13699373721
cfddc694d5fa45c1a50231f715bd9e65_allRetry
f7517d864720478587278a4a11da2652_0004
c8390fa93f864fa6ab53352a733914b8_0004
e29bfa965dfa44daa42a89ce3fc9f194_allRetry
eed8cd29d5f146aebd8b0887c013258b_0003
c6258dcea5604b97b5dca860f6eededc_0002
phone_white_18687059988
a5a1cbf9f9e04b8ba5087911ce9a3bd0_0002
DMP_TZYD_READ_AMOUNT#1308
dsp:mobile:friends:18963883401
dsp:mobile:friends:13767158401
a66a805f81798827f2239a941c46fdfe
DMP_TZYD_READ_AMOUNT#1636
dsp:mobile:friends:13457273617
c31568abc11142ce85e5a6407dbe55d3_0004
emaslhq0001/batch_703
D056DED4502C1932E33E9B930A3FA26C-0
fa721fa7df8c4ddebd95a8ad9c0957e1_0005
a3cd38e51f4946d799323e7032439736_allRetry
a21e12f2ad4a41b9a38c8c9c6f796a24_0004
dsp:mobile:friends:15882958601
DMP_TZYD_READ_AMOUNT#1520
f6d442bb067f4ef088402e4db91924b8_allRetry
phone_white_13810463675
dmp_cache_1896a3bf730516dd643ba67b4c447d36
dsp:mobile:friends:15080000412
dsp:mobile:friends:15764468111
dsp:mobile:friends:13817495414
emascbb/resetchannelquota_2016-04-01
e25f13b188a24d7ca85030f583aa41ee_0004
e025d589b5e14de286918442d64e07f6_0004
phone_white_18500791973
b2089202a02e4f13b8a9bc9c35c74496_allRetry
DMP_TZYD_READ_AMOUNT#1219
DMP_TZYD_READ_AMOUNT#1320
e393ffcaf8c249089b8f15b65bcbf503_allRetry
bc7c67fdf23c4d7ba9d6d16e5009de3a_0004
dsp:mobile:friends:13088960500
dsp:mobile:friends:17780170014
dsp:day:mobile:num:18933986337
fcedcc2b87744ab9b9b95aa13a41a5d9_0005
phone_white_15801566268
DMP_TZYD_READ_AMOUNT#1257
dsp:day:mobile:num:15160167267
dsp:mobile:friends:13608971610
dsp:mobile:friends:15267364298
DMP_TZYD_READ_AMOUNT#1399
dsp:mobile:friends:15240781313
a5b0b0bb93f747b38feb3b675749138f_0005
b2b2b798e6c1469fa6da2f4291eacb4f_0002
dsp:mobile:friends:13944811090
e772781d71f049a2a636a889b4a14967_0005
dsp:mobile:friends:13198722228
e0ab54d9e7834cb3a01f3c5d841b058d_allRetry
emaslhq0001/batch_657
phone_white_18500302475
dsp:mobile:friends:13933286471
c07a2e35deb34d7ca7e83bfbef3be4b9_0004
dsp:mobile:friends:17607001656
f14fe9d23a974c679ffd3bcdf1e0ef62_0004
c030a8b7d9624f678e9cc26f05e5d832_0004
phone_white_13717849985
